{"/Users/fannywolff/Desktop/MasterMind/android-notch.tsx": {"path":"/Users/fannywolff/Desktop/MasterMind/android-notch.tsx","statementMap":{},"fnMap":{},"branchMap":{"0":{"loc":{"start":{"line":8,"column":20},"end":{"line":8,"column":75}},"type":"cond-expr","locations":[{"start":{"line":8,"column":48},"end":{"line":8,"column":71}},{"start":{"line":8,"column":74},"end":{"line":8,"column":75}}],"line":8}},"s":{},"f":{},"b":{"0":[0,1]},"_coverageSchema":"1a1c01bbd47fc00a2c39e90264f33305004495a9","hash":"bc72af7473a1a8bc94804134a109b231bd828510"}
,"/Users/fannywolff/Desktop/MasterMind/assets/character_dog.png": {"path":"/Users/fannywolff/Desktop/MasterMind/assets/character_dog.png","statementMap":{"0":{"start":{"line":1,"column":0},"end":{"line":1,"column":19}}},"fnMap":{},"branchMap":{},"s":{"0":1},"f":{},"b":{},"_coverageSchema":"1a1c01bbd47fc00a2c39e90264f33305004495a9","hash":"ccddbd248c28d35cddf5c47ad967cf5443061e3b"}
,"/Users/fannywolff/Desktop/MasterMind/assets/character_elcho.png": {"path":"/Users/fannywolff/Desktop/MasterMind/assets/character_elcho.png","statementMap":{"0":{"start":{"line":1,"column":0},"end":{"line":1,"column":19}}},"fnMap":{},"branchMap":{},"s":{"0":1},"f":{},"b":{},"_coverageSchema":"1a1c01bbd47fc00a2c39e90264f33305004495a9","hash":"b2df0cb5918077ad3c48f0241550594a12982e7c"}
,"/Users/fannywolff/Desktop/MasterMind/assets/character_pengu.png": {"path":"/Users/fannywolff/Desktop/MasterMind/assets/character_pengu.png","statementMap":{"0":{"start":{"line":1,"column":0},"end":{"line":1,"column":19}}},"fnMap":{},"branchMap":{},"s":{"0":1},"f":{},"b":{},"_coverageSchema":"1a1c01bbd47fc00a2c39e90264f33305004495a9","hash":"a1bc776658d0d370a2eb1b653e99be52bd994f25"}
,"/Users/fannywolff/Desktop/MasterMind/components/GameScreen.tsx": {"path":"/Users/fannywolff/Desktop/MasterMind/components/GameScreen.tsx","statementMap":{"0":{"start":{"line":13,"column":30},"end":{"line":13,"column":41}},"1":{"start":{"line":14,"column":4},"end":{"line":14,"column":43}},"2":{"start":{"line":14,"column":15},"end":{"line":14,"column":42}},"3":{"start":{"line":14,"column":34},"end":{"line":14,"column":41}},"4":{"start":{"line":19,"column":23},"end":{"line":19,"column":38}},"5":{"start":{"line":21,"column":22},"end":{"line":21,"column":34}},"6":{"start":{"line":25,"column":23},"end":{"line":31,"column":5}},"7":{"start":{"line":33,"column":24},"end":{"line":33,"column":38}},"8":{"start":{"line":34,"column":40},"end":{"line":34,"column":51}},"9":{"start":{"line":36,"column":18},"end":{"line":36,"column":50}},"10":{"start":{"line":37,"column":38},"end":{"line":46,"column":5}},"11":{"start":{"line":48,"column":28},"end":{"line":57,"column":5}},"12":{"start":{"line":61,"column":32},"end":{"line":61,"column":56}},"13":{"start":{"line":62,"column":30},"end":{"line":62,"column":44}},"14":{"start":{"line":64,"column":17},"end":{"line":64,"column":20}},"15":{"start":{"line":65,"column":17},"end":{"line":65,"column":69}},"16":{"start":{"line":67,"column":23},"end":{"line":67,"column":29}},"17":{"start":{"line":69,"column":44},"end":{"line":69,"column":64}},"18":{"start":{"line":70,"column":46},"end":{"line":70,"column":67}},"19":{"start":{"line":71,"column":46},"end":{"line":71,"column":67}},"20":{"start":{"line":78,"column":8},"end":{"line":78,"column":29}},"21":{"start":{"line":84,"column":8},"end":{"line":84,"column":50}},"22":{"start":{"line":86,"column":8},"end":{"line":86,"column":40}},"23":{"start":{"line":87,"column":8},"end":{"line":87,"column":31}},"24":{"start":{"line":89,"column":8},"end":{"line":89,"column":34}},"25":{"start":{"line":92,"column":19},"end":{"line":119,"column":5}},"26":{"start":{"line":93,"column":33},"end":{"line":93,"column":34}},"27":{"start":{"line":95,"column":8},"end":{"line":95,"column":28}},"28":{"start":{"line":96,"column":37},"end":{"line":96,"column":39}},"29":{"start":{"line":98,"column":8},"end":{"line":98,"column":98}},"30":{"start":{"line":100,"column":8},"end":{"line":100,"column":72}},"31":{"start":{"line":103,"column":8},"end":{"line":105,"column":9}},"32":{"start":{"line":104,"column":12},"end":{"line":104,"column":24}},"33":{"start":{"line":107,"column":8},"end":{"line":109,"column":9}},"34":{"start":{"line":108,"column":11},"end":{"line":108,"column":22}},"35":{"start":{"line":112,"column":8},"end":{"line":112,"column":25}},"36":{"start":{"line":114,"column":8},"end":{"line":114,"column":21}},"37":{"start":{"line":115,"column":8},"end":{"line":115,"column":22}},"38":{"start":{"line":117,"column":8},"end":{"line":117,"column":24}},"39":{"start":{"line":118,"column":8},"end":{"line":118,"column":37}},"40":{"start":{"line":124,"column":8},"end":{"line":133,"column":9}},"41":{"start":{"line":125,"column":12},"end":{"line":125,"column":35}},"42":{"start":{"line":126,"column":12},"end":{"line":126,"column":34}},"43":{"start":{"line":127,"column":12},"end":{"line":127,"column":54}},"44":{"start":{"line":129,"column":13},"end":{"line":133,"column":9}},"45":{"start":{"line":130,"column":12},"end":{"line":130,"column":35}},"46":{"start":{"line":131,"column":12},"end":{"line":131,"column":35}},"47":{"start":{"line":132,"column":12},"end":{"line":132,"column":54}},"48":{"start":{"line":137,"column":8},"end":{"line":137,"column":31}},"49":{"start":{"line":138,"column":8},"end":{"line":143,"column":9}},"50":{"start":{"line":140,"column":45},"end":{"line":140,"column":68}},"51":{"start":{"line":148,"column":8},"end":{"line":148,"column":32}},"52":{"start":{"line":149,"column":8},"end":{"line":153,"column":9}},"53":{"start":{"line":160,"column":8},"end":{"line":160,"column":43}},"54":{"start":{"line":161,"column":8},"end":{"line":165,"column":9}},"55":{"start":{"line":169,"column":8},"end":{"line":169,"column":32}},"56":{"start":{"line":170,"column":8},"end":{"line":174,"column":9}},"57":{"start":{"line":178,"column":8},"end":{"line":178,"column":37}},"58":{"start":{"line":178,"column":30},"end":{"line":178,"column":37}},"59":{"start":{"line":180,"column":8},"end":{"line":193,"column":20}},"60":{"start":{"line":182,"column":69},"end":{"line":182,"column":82}},"61":{"start":{"line":187,"column":59},"end":{"line":187,"column":87}},"62":{"start":{"line":190,"column":62},"end":{"line":190,"column":90}},"63":{"start":{"line":199,"column":8},"end":{"line":203,"column":9}},"64":{"start":{"line":200,"column":95},"end":{"line":200,"column":109}},"65":{"start":{"line":207,"column":8},"end":{"line":232,"column":15}},"66":{"start":{"line":211,"column":43},"end":{"line":211,"column":58}},"67":{"start":{"line":225,"column":45},"end":{"line":225,"column":60}},"68":{"start":{"line":229,"column":45},"end":{"line":229,"column":75}},"69":{"start":{"line":236,"column":8},"end":{"line":254,"column":15}},"70":{"start":{"line":251,"column":45},"end":{"line":251,"column":75}},"71":{"start":{"line":258,"column":8},"end":{"line":276,"column":15}},"72":{"start":{"line":273,"column":45},"end":{"line":273,"column":75}},"73":{"start":{"line":281,"column":8},"end":{"line":302,"column":9}},"74":{"start":{"line":282,"column":12},"end":{"line":287,"column":13}},"75":{"start":{"line":288,"column":15},"end":{"line":302,"column":9}},"76":{"start":{"line":289,"column":12},"end":{"line":294,"column":13}},"77":{"start":{"line":295,"column":15},"end":{"line":302,"column":9}},"78":{"start":{"line":296,"column":12},"end":{"line":301,"column":13}},"79":{"start":{"line":305,"column":4},"end":{"line":323,"column":5}},"80":{"start":{"line":309,"column":49},"end":{"line":309,"column":80}},"81":{"start":{"line":327,"column":4},"end":{"line":335,"column":5}},"82":{"start":{"line":327,"column":17},"end":{"line":327,"column":18}},"83":{"start":{"line":328,"column":8},"end":{"line":334,"column":9}},"84":{"start":{"line":329,"column":12},"end":{"line":329,"column":25}},"85":{"start":{"line":330,"column":12},"end":{"line":333,"column":13}},"86":{"start":{"line":331,"column":16},"end":{"line":331,"column":46}},"87":{"start":{"line":332,"column":16},"end":{"line":332,"column":38}},"88":{"start":{"line":336,"column":4},"end":{"line":336,"column":22}},"89":{"start":{"line":340,"column":28},"end":{"line":340,"column":29}},"90":{"start":{"line":341,"column":4},"end":{"line":351,"column":5}},"91":{"start":{"line":341,"column":17},"end":{"line":341,"column":18}},"92":{"start":{"line":342,"column":8},"end":{"line":350,"column":9}},"93":{"start":{"line":342,"column":21},"end":{"line":342,"column":22}},"94":{"start":{"line":343,"column":12},"end":{"line":349,"column":13}},"95":{"start":{"line":344,"column":16},"end":{"line":344,"column":28}},"96":{"start":{"line":345,"column":16},"end":{"line":348,"column":17}},"97":{"start":{"line":346,"column":20},"end":{"line":346,"column":50}},"98":{"start":{"line":347,"column":20},"end":{"line":347,"column":42}},"99":{"start":{"line":352,"column":4},"end":{"line":352,"column":21}}},"fnMap":{"0":{"name":"useForceUpdate","decl":{"start":{"line":12,"column":9},"end":{"line":12,"column":23}},"loc":{"start":{"line":12,"column":25},"end":{"line":15,"column":1}},"line":12},"1":{"name":"(anonymous_1)","decl":{"start":{"line":14,"column":10},"end":{"line":14,"column":11}},"loc":{"start":{"line":14,"column":15},"end":{"line":14,"column":42}},"line":14},"2":{"name":"(anonymous_2)","decl":{"start":{"line":14,"column":24},"end":{"line":14,"column":25}},"loc":{"start":{"line":14,"column":34},"end":{"line":14,"column":41}},"line":14},"3":{"name":"GameScreen","decl":{"start":{"line":17,"column":24},"end":{"line":17,"column":34}},"loc":{"start":{"line":17,"column":44},"end":{"line":324,"column":1}},"line":17},"4":{"name":"changeColor","decl":{"start":{"line":77,"column":13},"end":{"line":77,"column":24}},"loc":{"start":{"line":77,"column":39},"end":{"line":79,"column":5}},"line":77},"5":{"name":"changeStyle","decl":{"start":{"line":83,"column":13},"end":{"line":83,"column":24}},"loc":{"start":{"line":83,"column":51},"end":{"line":90,"column":5}},"line":83},"6":{"name":"(anonymous_6)","decl":{"start":{"line":92,"column":19},"end":{"line":92,"column":20}},"loc":{"start":{"line":92,"column":35},"end":{"line":119,"column":5}},"line":92},"7":{"name":"checkWin","decl":{"start":{"line":122,"column":13},"end":{"line":122,"column":21}},"loc":{"start":{"line":122,"column":40},"end":{"line":134,"column":5}},"line":122},"8":{"name":"printElement","decl":{"start":{"line":136,"column":13},"end":{"line":136,"column":25}},"loc":{"start":{"line":136,"column":65},"end":{"line":145,"column":5}},"line":136},"9":{"name":"(anonymous_9)","decl":{"start":{"line":140,"column":39},"end":{"line":140,"column":40}},"loc":{"start":{"line":140,"column":45},"end":{"line":140,"column":68}},"line":140},"10":{"name":"printPinsElement","decl":{"start":{"line":147,"column":13},"end":{"line":147,"column":29}},"loc":{"start":{"line":147,"column":69},"end":{"line":154,"column":5}},"line":147},"11":{"name":"printLine","decl":{"start":{"line":158,"column":13},"end":{"line":158,"column":22}},"loc":{"start":{"line":158,"column":63},"end":{"line":166,"column":5}},"line":158},"12":{"name":"printPins","decl":{"start":{"line":168,"column":13},"end":{"line":168,"column":22}},"loc":{"start":{"line":168,"column":62},"end":{"line":175,"column":5}},"line":168},"13":{"name":"printField","decl":{"start":{"line":177,"column":13},"end":{"line":177,"column":23}},"loc":{"start":{"line":177,"column":35},"end":{"line":194,"column":5}},"line":177},"14":{"name":"(anonymous_14)","decl":{"start":{"line":182,"column":63},"end":{"line":182,"column":64}},"loc":{"start":{"line":182,"column":69},"end":{"line":182,"column":82}},"line":182},"15":{"name":"(anonymous_15)","decl":{"start":{"line":187,"column":33},"end":{"line":187,"column":34}},"loc":{"start":{"line":187,"column":59},"end":{"line":187,"column":87}},"line":187},"16":{"name":"(anonymous_16)","decl":{"start":{"line":190,"column":36},"end":{"line":190,"column":37}},"loc":{"start":{"line":190,"column":62},"end":{"line":190,"column":90}},"line":190},"17":{"name":"chooseColors","decl":{"start":{"line":198,"column":13},"end":{"line":198,"column":25}},"loc":{"start":{"line":198,"column":36},"end":{"line":204,"column":5}},"line":198},"18":{"name":"(anonymous_18)","decl":{"start":{"line":200,"column":89},"end":{"line":200,"column":90}},"loc":{"start":{"line":200,"column":95},"end":{"line":200,"column":109}},"line":200},"19":{"name":"(anonymous_19)","decl":{"start":{"line":211,"column":36},"end":{"line":211,"column":37}},"loc":{"start":{"line":211,"column":43},"end":{"line":211,"column":58}},"line":211},"20":{"name":"(anonymous_20)","decl":{"start":{"line":225,"column":30},"end":{"line":225,"column":31}},"loc":{"start":{"line":225,"column":45},"end":{"line":225,"column":60}},"line":225},"21":{"name":"(anonymous_21)","decl":{"start":{"line":229,"column":30},"end":{"line":229,"column":31}},"loc":{"start":{"line":229,"column":45},"end":{"line":229,"column":75}},"line":229},"22":{"name":"(anonymous_22)","decl":{"start":{"line":251,"column":30},"end":{"line":251,"column":31}},"loc":{"start":{"line":251,"column":45},"end":{"line":251,"column":75}},"line":251},"23":{"name":"(anonymous_23)","decl":{"start":{"line":273,"column":30},"end":{"line":273,"column":31}},"loc":{"start":{"line":273,"column":45},"end":{"line":273,"column":75}},"line":273},"24":{"name":"TextCharacter","decl":{"start":{"line":280,"column":13},"end":{"line":280,"column":26}},"loc":{"start":{"line":280,"column":29},"end":{"line":303,"column":5}},"line":280},"25":{"name":"(anonymous_25)","decl":{"start":{"line":309,"column":43},"end":{"line":309,"column":44}},"loc":{"start":{"line":309,"column":49},"end":{"line":309,"column":80}},"line":309},"26":{"name":"checkBlackPins","decl":{"start":{"line":326,"column":16},"end":{"line":326,"column":30}},"loc":{"start":{"line":326,"column":153},"end":{"line":337,"column":1}},"line":326},"27":{"name":"checkGrayPins","decl":{"start":{"line":339,"column":16},"end":{"line":339,"column":29}},"loc":{"start":{"line":339,"column":132},"end":{"line":353,"column":1}},"line":339}},"branchMap":{"0":{"loc":{"start":{"line":103,"column":8},"end":{"line":105,"column":9}},"type":"if","locations":[{"start":{"line":103,"column":8},"end":{"line":105,"column":9}},{"start":{},"end":{}}],"line":103},"1":{"loc":{"start":{"line":107,"column":8},"end":{"line":109,"column":9}},"type":"if","locations":[{"start":{"line":107,"column":8},"end":{"line":109,"column":9}},{"start":{},"end":{}}],"line":107},"2":{"loc":{"start":{"line":124,"column":8},"end":{"line":133,"column":9}},"type":"if","locations":[{"start":{"line":124,"column":8},"end":{"line":133,"column":9}},{"start":{"line":129,"column":13},"end":{"line":133,"column":9}}],"line":124},"3":{"loc":{"start":{"line":129,"column":13},"end":{"line":133,"column":9}},"type":"if","locations":[{"start":{"line":129,"column":13},"end":{"line":133,"column":9}},{"start":{},"end":{}}],"line":129},"4":{"loc":{"start":{"line":178,"column":8},"end":{"line":178,"column":37}},"type":"if","locations":[{"start":{"line":178,"column":8},"end":{"line":178,"column":37}},{"start":{},"end":{}}],"line":178},"5":{"loc":{"start":{"line":281,"column":8},"end":{"line":302,"column":9}},"type":"if","locations":[{"start":{"line":281,"column":8},"end":{"line":302,"column":9}},{"start":{"line":288,"column":15},"end":{"line":302,"column":9}}],"line":281},"6":{"loc":{"start":{"line":288,"column":15},"end":{"line":302,"column":9}},"type":"if","locations":[{"start":{"line":288,"column":15},"end":{"line":302,"column":9}},{"start":{"line":295,"column":15},"end":{"line":302,"column":9}}],"line":288},"7":{"loc":{"start":{"line":295,"column":15},"end":{"line":302,"column":9}},"type":"if","locations":[{"start":{"line":295,"column":15},"end":{"line":302,"column":9}},{"start":{},"end":{}}],"line":295},"8":{"loc":{"start":{"line":315,"column":21},"end":{"line":315,"column":42}},"type":"binary-expr","locations":[{"start":{"line":315,"column":21},"end":{"line":315,"column":33}},{"start":{"line":315,"column":37},"end":{"line":315,"column":42}}],"line":315},"9":{"loc":{"start":{"line":316,"column":21},"end":{"line":316,"column":45}},"type":"binary-expr","locations":[{"start":{"line":316,"column":21},"end":{"line":316,"column":34}},{"start":{"line":316,"column":38},"end":{"line":316,"column":45}}],"line":316},"10":{"loc":{"start":{"line":317,"column":21},"end":{"line":317,"column":45}},"type":"binary-expr","locations":[{"start":{"line":317,"column":21},"end":{"line":317,"column":34}},{"start":{"line":317,"column":38},"end":{"line":317,"column":45}}],"line":317},"11":{"loc":{"start":{"line":328,"column":8},"end":{"line":334,"column":9}},"type":"if","locations":[{"start":{"line":328,"column":8},"end":{"line":334,"column":9}},{"start":{},"end":{}}],"line":328},"12":{"loc":{"start":{"line":330,"column":12},"end":{"line":333,"column":13}},"type":"if","locations":[{"start":{"line":330,"column":12},"end":{"line":333,"column":13}},{"start":{},"end":{}}],"line":330},"13":{"loc":{"start":{"line":343,"column":12},"end":{"line":349,"column":13}},"type":"if","locations":[{"start":{"line":343,"column":12},"end":{"line":349,"column":13}},{"start":{},"end":{}}],"line":343},"14":{"loc":{"start":{"line":345,"column":16},"end":{"line":348,"column":17}},"type":"if","locations":[{"start":{"line":345,"column":16},"end":{"line":348,"column":17}},{"start":{},"end":{}}],"line":345}},"s":{"0":0,"1":0,"2":0,"3":0,"4":0,"5":0,"6":0,"7":0,"8":0,"9":0,"10":0,"11":0,"12":0,"13":0,"14":0,"15":0,"16":0,"17":0,"18":0,"19":0,"20":0,"21":0,"22":0,"23":0,"24":0,"25":0,"26":0,"27":0,"28":0,"29":0,"30":0,"31":0,"32":0,"33":0,"34":0,"35":0,"36":0,"37":0,"38":0,"39":0,"40":0,"41":0,"42":0,"43":0,"44":0,"45":0,"46":0,"47":0,"48":0,"49":0,"50":0,"51":0,"52":0,"53":0,"54":0,"55":0,"56":0,"57":0,"58":0,"59":0,"60":0,"61":0,"62":0,"63":0,"64":0,"65":0,"66":0,"67":0,"68":0,"69":0,"70":0,"71":0,"72":0,"73":0,"74":0,"75":0,"76":0,"77":0,"78":0,"79":0,"80":0,"81":4,"82":4,"83":16,"84":7,"85":7,"86":4,"87":4,"88":4,"89":4,"90":4,"91":4,"92":16,"93":16,"94":64,"95":10,"96":10,"97":0,"98":0,"99":4},"f":{"0":0,"1":0,"2":0,"3":0,"4":0,"5":0,"6":0,"7":0,"8":0,"9":0,"10":0,"11":0,"12":0,"13":0,"14":0,"15":0,"16":0,"17":0,"18":0,"19":0,"20":0,"21":0,"22":0,"23":0,"24":0,"25":0,"26":4,"27":4},"b":{"0":[0,0],"1":[0,0],"2":[0,0],"3":[0,0],"4":[0,0],"5":[0,0],"6":[0,0],"7":[0,0],"8":[0,0],"9":[0,0],"10":[0,0],"11":[7,9],"12":[4,3],"13":[10,54],"14":[0,10]},"_coverageSchema":"1a1c01bbd47fc00a2c39e90264f33305004495a9","hash":"e285c76b21d0d2ae5e733b6c6ee9b4f0958c0744"}
,"/Users/fannywolff/Desktop/MasterMind/components/Home.tsx": {"path":"/Users/fannywolff/Desktop/MasterMind/components/Home.tsx","statementMap":{"0":{"start":{"line":20,"column":15},"end":{"line":24,"column":1}},"1":{"start":{"line":28,"column":25},"end":{"line":28,"column":31}},"2":{"start":{"line":29,"column":25},"end":{"line":29,"column":31}},"3":{"start":{"line":30,"column":25},"end":{"line":30,"column":31}},"4":{"start":{"line":31,"column":25},"end":{"line":31,"column":31}},"5":{"start":{"line":37,"column":4},"end":{"line":37,"column":27}},"6":{"start":{"line":44,"column":4},"end":{"line":73,"column":5}},"7":{"start":{"line":45,"column":8},"end":{"line":52,"column":9}},"8":{"start":{"line":54,"column":9},"end":{"line":73,"column":5}},"9":{"start":{"line":55,"column":8},"end":{"line":62,"column":9}},"10":{"start":{"line":65,"column":8},"end":{"line":72,"column":9}},"11":{"start":{"line":77,"column":4},"end":{"line":77,"column":29}},"12":{"start":{"line":77,"column":22},"end":{"line":77,"column":29}},"13":{"start":{"line":78,"column":22},"end":{"line":78,"column":24}},"14":{"start":{"line":79,"column":15},"end":{"line":79,"column":16}},"15":{"start":{"line":80,"column":4},"end":{"line":83,"column":5}},"16":{"start":{"line":80,"column":16},"end":{"line":80,"column":17}},"17":{"start":{"line":81,"column":8},"end":{"line":81,"column":43}},"18":{"start":{"line":82,"column":8},"end":{"line":82,"column":28}},"19":{"start":{"line":84,"column":4},"end":{"line":84,"column":39}},"20":{"start":{"line":85,"column":4},"end":{"line":85,"column":14}},"21":{"start":{"line":90,"column":23},"end":{"line":90,"column":38}},"22":{"start":{"line":91,"column":57},"end":{"line":91,"column":81}},"23":{"start":{"line":92,"column":23},"end":{"line":92,"column":38}},"24":{"start":{"line":94,"column":23},"end":{"line":94,"column":32}},"25":{"start":{"line":98,"column":36},"end":{"line":98,"column":55}},"26":{"start":{"line":99,"column":36},"end":{"line":99,"column":51}},"27":{"start":{"line":102,"column":12},"end":{"line":124,"column":13}},"28":{"start":{"line":103,"column":16},"end":{"line":103,"column":32}},"29":{"start":{"line":104,"column":16},"end":{"line":104,"column":40}},"30":{"start":{"line":106,"column":16},"end":{"line":120,"column":17}},"31":{"start":{"line":107,"column":20},"end":{"line":107,"column":44}},"32":{"start":{"line":109,"column":21},"end":{"line":120,"column":17}},"33":{"start":{"line":110,"column":20},"end":{"line":110,"column":44}},"34":{"start":{"line":112,"column":21},"end":{"line":120,"column":17}},"35":{"start":{"line":113,"column":20},"end":{"line":113,"column":44}},"36":{"start":{"line":115,"column":21},"end":{"line":120,"column":17}},"37":{"start":{"line":116,"column":20},"end":{"line":116,"column":44}},"38":{"start":{"line":119,"column":20},"end":{"line":119,"column":65}},"39":{"start":{"line":123,"column":16},"end":{"line":123,"column":33}},"40":{"start":{"line":127,"column":8},"end":{"line":133,"column":9}},"41":{"start":{"line":137,"column":36},"end":{"line":137,"column":55}},"42":{"start":{"line":138,"column":36},"end":{"line":138,"column":51}},"43":{"start":{"line":141,"column":12},"end":{"line":163,"column":13}},"44":{"start":{"line":142,"column":16},"end":{"line":142,"column":32}},"45":{"start":{"line":143,"column":16},"end":{"line":143,"column":40}},"46":{"start":{"line":145,"column":16},"end":{"line":159,"column":17}},"47":{"start":{"line":146,"column":20},"end":{"line":146,"column":44}},"48":{"start":{"line":148,"column":21},"end":{"line":159,"column":17}},"49":{"start":{"line":149,"column":20},"end":{"line":149,"column":44}},"50":{"start":{"line":151,"column":21},"end":{"line":159,"column":17}},"51":{"start":{"line":152,"column":20},"end":{"line":152,"column":44}},"52":{"start":{"line":154,"column":21},"end":{"line":159,"column":17}},"53":{"start":{"line":155,"column":20},"end":{"line":155,"column":44}},"54":{"start":{"line":158,"column":20},"end":{"line":158,"column":65}},"55":{"start":{"line":162,"column":16},"end":{"line":162,"column":33}},"56":{"start":{"line":166,"column":8},"end":{"line":172,"column":9}},"57":{"start":{"line":176,"column":36},"end":{"line":176,"column":55}},"58":{"start":{"line":177,"column":36},"end":{"line":177,"column":51}},"59":{"start":{"line":180,"column":12},"end":{"line":202,"column":13}},"60":{"start":{"line":181,"column":16},"end":{"line":181,"column":32}},"61":{"start":{"line":182,"column":16},"end":{"line":182,"column":40}},"62":{"start":{"line":184,"column":16},"end":{"line":198,"column":17}},"63":{"start":{"line":185,"column":20},"end":{"line":185,"column":44}},"64":{"start":{"line":187,"column":21},"end":{"line":198,"column":17}},"65":{"start":{"line":188,"column":20},"end":{"line":188,"column":44}},"66":{"start":{"line":190,"column":21},"end":{"line":198,"column":17}},"67":{"start":{"line":191,"column":20},"end":{"line":191,"column":44}},"68":{"start":{"line":193,"column":21},"end":{"line":198,"column":17}},"69":{"start":{"line":194,"column":20},"end":{"line":194,"column":44}},"70":{"start":{"line":197,"column":20},"end":{"line":197,"column":65}},"71":{"start":{"line":201,"column":16},"end":{"line":201,"column":33}},"72":{"start":{"line":205,"column":8},"end":{"line":211,"column":9}},"73":{"start":{"line":215,"column":36},"end":{"line":215,"column":55}},"74":{"start":{"line":216,"column":36},"end":{"line":216,"column":51}},"75":{"start":{"line":219,"column":12},"end":{"line":241,"column":13}},"76":{"start":{"line":220,"column":16},"end":{"line":220,"column":32}},"77":{"start":{"line":221,"column":16},"end":{"line":221,"column":40}},"78":{"start":{"line":223,"column":16},"end":{"line":237,"column":17}},"79":{"start":{"line":224,"column":20},"end":{"line":224,"column":44}},"80":{"start":{"line":226,"column":21},"end":{"line":237,"column":17}},"81":{"start":{"line":227,"column":20},"end":{"line":227,"column":44}},"82":{"start":{"line":229,"column":21},"end":{"line":237,"column":17}},"83":{"start":{"line":230,"column":20},"end":{"line":230,"column":44}},"84":{"start":{"line":232,"column":21},"end":{"line":237,"column":17}},"85":{"start":{"line":233,"column":20},"end":{"line":233,"column":44}},"86":{"start":{"line":236,"column":20},"end":{"line":236,"column":65}},"87":{"start":{"line":240,"column":16},"end":{"line":240,"column":33}},"88":{"start":{"line":244,"column":8},"end":{"line":250,"column":9}},"89":{"start":{"line":254,"column":36},"end":{"line":254,"column":55}},"90":{"start":{"line":255,"column":36},"end":{"line":255,"column":51}},"91":{"start":{"line":258,"column":12},"end":{"line":280,"column":13}},"92":{"start":{"line":259,"column":16},"end":{"line":259,"column":32}},"93":{"start":{"line":260,"column":16},"end":{"line":260,"column":40}},"94":{"start":{"line":262,"column":16},"end":{"line":276,"column":17}},"95":{"start":{"line":263,"column":20},"end":{"line":263,"column":44}},"96":{"start":{"line":265,"column":21},"end":{"line":276,"column":17}},"97":{"start":{"line":266,"column":20},"end":{"line":266,"column":44}},"98":{"start":{"line":268,"column":21},"end":{"line":276,"column":17}},"99":{"start":{"line":269,"column":20},"end":{"line":269,"column":44}},"100":{"start":{"line":271,"column":21},"end":{"line":276,"column":17}},"101":{"start":{"line":272,"column":20},"end":{"line":272,"column":44}},"102":{"start":{"line":275,"column":20},"end":{"line":275,"column":65}},"103":{"start":{"line":279,"column":16},"end":{"line":279,"column":33}},"104":{"start":{"line":283,"column":8},"end":{"line":289,"column":9}},"105":{"start":{"line":293,"column":36},"end":{"line":293,"column":55}},"106":{"start":{"line":294,"column":36},"end":{"line":294,"column":51}},"107":{"start":{"line":297,"column":12},"end":{"line":319,"column":13}},"108":{"start":{"line":298,"column":16},"end":{"line":298,"column":32}},"109":{"start":{"line":299,"column":16},"end":{"line":299,"column":40}},"110":{"start":{"line":301,"column":16},"end":{"line":315,"column":17}},"111":{"start":{"line":302,"column":20},"end":{"line":302,"column":44}},"112":{"start":{"line":304,"column":21},"end":{"line":315,"column":17}},"113":{"start":{"line":305,"column":20},"end":{"line":305,"column":44}},"114":{"start":{"line":307,"column":21},"end":{"line":315,"column":17}},"115":{"start":{"line":308,"column":20},"end":{"line":308,"column":44}},"116":{"start":{"line":310,"column":21},"end":{"line":315,"column":17}},"117":{"start":{"line":311,"column":20},"end":{"line":311,"column":44}},"118":{"start":{"line":314,"column":20},"end":{"line":314,"column":65}},"119":{"start":{"line":318,"column":16},"end":{"line":318,"column":33}},"120":{"start":{"line":322,"column":8},"end":{"line":328,"column":9}},"121":{"start":{"line":332,"column":36},"end":{"line":332,"column":55}},"122":{"start":{"line":333,"column":36},"end":{"line":333,"column":51}},"123":{"start":{"line":336,"column":12},"end":{"line":358,"column":13}},"124":{"start":{"line":337,"column":16},"end":{"line":337,"column":32}},"125":{"start":{"line":338,"column":16},"end":{"line":338,"column":40}},"126":{"start":{"line":340,"column":16},"end":{"line":354,"column":17}},"127":{"start":{"line":341,"column":20},"end":{"line":341,"column":44}},"128":{"start":{"line":343,"column":21},"end":{"line":354,"column":17}},"129":{"start":{"line":344,"column":20},"end":{"line":344,"column":44}},"130":{"start":{"line":346,"column":21},"end":{"line":354,"column":17}},"131":{"start":{"line":347,"column":20},"end":{"line":347,"column":44}},"132":{"start":{"line":349,"column":21},"end":{"line":354,"column":17}},"133":{"start":{"line":350,"column":20},"end":{"line":350,"column":44}},"134":{"start":{"line":353,"column":20},"end":{"line":353,"column":65}},"135":{"start":{"line":357,"column":16},"end":{"line":357,"column":33}},"136":{"start":{"line":361,"column":8},"end":{"line":367,"column":9}},"137":{"start":{"line":371,"column":36},"end":{"line":371,"column":55}},"138":{"start":{"line":372,"column":36},"end":{"line":372,"column":51}},"139":{"start":{"line":375,"column":12},"end":{"line":397,"column":13}},"140":{"start":{"line":376,"column":16},"end":{"line":376,"column":32}},"141":{"start":{"line":377,"column":16},"end":{"line":377,"column":40}},"142":{"start":{"line":379,"column":16},"end":{"line":393,"column":17}},"143":{"start":{"line":380,"column":20},"end":{"line":380,"column":44}},"144":{"start":{"line":382,"column":21},"end":{"line":393,"column":17}},"145":{"start":{"line":383,"column":20},"end":{"line":383,"column":44}},"146":{"start":{"line":385,"column":21},"end":{"line":393,"column":17}},"147":{"start":{"line":386,"column":20},"end":{"line":386,"column":44}},"148":{"start":{"line":388,"column":21},"end":{"line":393,"column":17}},"149":{"start":{"line":389,"column":20},"end":{"line":389,"column":44}},"150":{"start":{"line":392,"column":20},"end":{"line":392,"column":65}},"151":{"start":{"line":396,"column":16},"end":{"line":396,"column":33}},"152":{"start":{"line":400,"column":8},"end":{"line":406,"column":9}},"153":{"start":{"line":410,"column":36},"end":{"line":410,"column":55}},"154":{"start":{"line":411,"column":36},"end":{"line":411,"column":51}},"155":{"start":{"line":414,"column":12},"end":{"line":436,"column":13}},"156":{"start":{"line":415,"column":16},"end":{"line":415,"column":32}},"157":{"start":{"line":416,"column":16},"end":{"line":416,"column":40}},"158":{"start":{"line":418,"column":16},"end":{"line":432,"column":17}},"159":{"start":{"line":419,"column":20},"end":{"line":419,"column":44}},"160":{"start":{"line":421,"column":21},"end":{"line":432,"column":17}},"161":{"start":{"line":422,"column":20},"end":{"line":422,"column":44}},"162":{"start":{"line":424,"column":21},"end":{"line":432,"column":17}},"163":{"start":{"line":425,"column":20},"end":{"line":425,"column":44}},"164":{"start":{"line":427,"column":21},"end":{"line":432,"column":17}},"165":{"start":{"line":428,"column":20},"end":{"line":428,"column":44}},"166":{"start":{"line":431,"column":20},"end":{"line":431,"column":65}},"167":{"start":{"line":435,"column":16},"end":{"line":435,"column":33}},"168":{"start":{"line":439,"column":8},"end":{"line":445,"column":9}},"169":{"start":{"line":448,"column":18},"end":{"line":448,"column":21}},"170":{"start":{"line":450,"column":24},"end":{"line":450,"column":76}},"171":{"start":{"line":452,"column":4},"end":{"line":499,"column":5}},"172":{"start":{"line":464,"column":44},"end":{"line":464,"column":57}},"173":{"start":{"line":465,"column":44},"end":{"line":465,"column":58}},"174":{"start":{"line":466,"column":44},"end":{"line":466,"column":58}},"175":{"start":{"line":469,"column":44},"end":{"line":469,"column":58}},"176":{"start":{"line":470,"column":44},"end":{"line":470,"column":58}},"177":{"start":{"line":471,"column":44},"end":{"line":471,"column":58}},"178":{"start":{"line":474,"column":44},"end":{"line":474,"column":58}},"179":{"start":{"line":475,"column":44},"end":{"line":475,"column":58}},"180":{"start":{"line":476,"column":44},"end":{"line":476,"column":58}},"181":{"start":{"line":485,"column":32},"end":{"line":491,"column":51}},"182":{"start":{"line":485,"column":66},"end":{"line":485,"column":134}},"183":{"start":{"line":485,"column":135},"end":{"line":485,"column":150}}},"fnMap":{"0":{"name":"setIndex","decl":{"start":{"line":36,"column":9},"end":{"line":36,"column":17}},"loc":{"start":{"line":36,"column":32},"end":{"line":38,"column":1}},"line":36},"1":{"name":"choseCharacter","decl":{"start":{"line":43,"column":16},"end":{"line":43,"column":30}},"loc":{"start":{"line":43,"column":45},"end":{"line":74,"column":1}},"line":43},"2":{"name":"shuffle","decl":{"start":{"line":76,"column":16},"end":{"line":76,"column":23}},"loc":{"start":{"line":76,"column":52},"end":{"line":86,"column":1}},"line":76},"3":{"name":"Home","decl":{"start":{"line":88,"column":24},"end":{"line":88,"column":28}},"loc":{"start":{"line":88,"column":31},"end":{"line":501,"column":1}},"line":88},"4":{"name":"touchchange","decl":{"start":{"line":97,"column":13},"end":{"line":97,"column":24}},"loc":{"start":{"line":97,"column":26},"end":{"line":134,"column":5}},"line":97},"5":{"name":"changeStyle","decl":{"start":{"line":101,"column":17},"end":{"line":101,"column":28}},"loc":{"start":{"line":101,"column":31},"end":{"line":125,"column":9}},"line":101},"6":{"name":"touchchange2","decl":{"start":{"line":136,"column":13},"end":{"line":136,"column":25}},"loc":{"start":{"line":136,"column":27},"end":{"line":173,"column":5}},"line":136},"7":{"name":"changeStyle2","decl":{"start":{"line":140,"column":17},"end":{"line":140,"column":29}},"loc":{"start":{"line":140,"column":32},"end":{"line":164,"column":9}},"line":140},"8":{"name":"touchchange3","decl":{"start":{"line":175,"column":13},"end":{"line":175,"column":25}},"loc":{"start":{"line":175,"column":27},"end":{"line":212,"column":5}},"line":175},"9":{"name":"changeStyle","decl":{"start":{"line":179,"column":17},"end":{"line":179,"column":28}},"loc":{"start":{"line":179,"column":31},"end":{"line":203,"column":9}},"line":179},"10":{"name":"touchchange4","decl":{"start":{"line":214,"column":13},"end":{"line":214,"column":25}},"loc":{"start":{"line":214,"column":27},"end":{"line":251,"column":5}},"line":214},"11":{"name":"changeStyle","decl":{"start":{"line":218,"column":17},"end":{"line":218,"column":28}},"loc":{"start":{"line":218,"column":31},"end":{"line":242,"column":9}},"line":218},"12":{"name":"touchchange5","decl":{"start":{"line":253,"column":13},"end":{"line":253,"column":25}},"loc":{"start":{"line":253,"column":27},"end":{"line":290,"column":5}},"line":253},"13":{"name":"changeStyle","decl":{"start":{"line":257,"column":17},"end":{"line":257,"column":28}},"loc":{"start":{"line":257,"column":31},"end":{"line":281,"column":9}},"line":257},"14":{"name":"touchchange6","decl":{"start":{"line":292,"column":13},"end":{"line":292,"column":25}},"loc":{"start":{"line":292,"column":27},"end":{"line":329,"column":5}},"line":292},"15":{"name":"changeStyle","decl":{"start":{"line":296,"column":17},"end":{"line":296,"column":28}},"loc":{"start":{"line":296,"column":31},"end":{"line":320,"column":9}},"line":296},"16":{"name":"touchchange7","decl":{"start":{"line":331,"column":13},"end":{"line":331,"column":25}},"loc":{"start":{"line":331,"column":27},"end":{"line":368,"column":5}},"line":331},"17":{"name":"changeStyle","decl":{"start":{"line":335,"column":17},"end":{"line":335,"column":28}},"loc":{"start":{"line":335,"column":31},"end":{"line":359,"column":9}},"line":335},"18":{"name":"touchchange8","decl":{"start":{"line":370,"column":13},"end":{"line":370,"column":25}},"loc":{"start":{"line":370,"column":27},"end":{"line":407,"column":5}},"line":370},"19":{"name":"changeStyle","decl":{"start":{"line":374,"column":17},"end":{"line":374,"column":28}},"loc":{"start":{"line":374,"column":31},"end":{"line":398,"column":9}},"line":374},"20":{"name":"touchchange9","decl":{"start":{"line":409,"column":13},"end":{"line":409,"column":25}},"loc":{"start":{"line":409,"column":27},"end":{"line":446,"column":5}},"line":409},"21":{"name":"changeStyle","decl":{"start":{"line":413,"column":17},"end":{"line":413,"column":28}},"loc":{"start":{"line":413,"column":31},"end":{"line":437,"column":9}},"line":413},"22":{"name":"(anonymous_22)","decl":{"start":{"line":464,"column":37},"end":{"line":464,"column":38}},"loc":{"start":{"line":464,"column":44},"end":{"line":464,"column":57}},"line":464},"23":{"name":"(anonymous_23)","decl":{"start":{"line":465,"column":37},"end":{"line":465,"column":38}},"loc":{"start":{"line":465,"column":44},"end":{"line":465,"column":58}},"line":465},"24":{"name":"(anonymous_24)","decl":{"start":{"line":466,"column":37},"end":{"line":466,"column":38}},"loc":{"start":{"line":466,"column":44},"end":{"line":466,"column":58}},"line":466},"25":{"name":"(anonymous_25)","decl":{"start":{"line":469,"column":37},"end":{"line":469,"column":38}},"loc":{"start":{"line":469,"column":44},"end":{"line":469,"column":58}},"line":469},"26":{"name":"(anonymous_26)","decl":{"start":{"line":470,"column":37},"end":{"line":470,"column":38}},"loc":{"start":{"line":470,"column":44},"end":{"line":470,"column":58}},"line":470},"27":{"name":"(anonymous_27)","decl":{"start":{"line":471,"column":37},"end":{"line":471,"column":38}},"loc":{"start":{"line":471,"column":44},"end":{"line":471,"column":58}},"line":471},"28":{"name":"(anonymous_28)","decl":{"start":{"line":474,"column":37},"end":{"line":474,"column":38}},"loc":{"start":{"line":474,"column":44},"end":{"line":474,"column":58}},"line":474},"29":{"name":"(anonymous_29)","decl":{"start":{"line":475,"column":37},"end":{"line":475,"column":38}},"loc":{"start":{"line":475,"column":44},"end":{"line":475,"column":58}},"line":475},"30":{"name":"(anonymous_30)","decl":{"start":{"line":476,"column":37},"end":{"line":476,"column":38}},"loc":{"start":{"line":476,"column":44},"end":{"line":476,"column":58}},"line":476},"31":{"name":"(anonymous_31)","decl":{"start":{"line":484,"column":39},"end":{"line":484,"column":40}},"loc":{"start":{"line":485,"column":32},"end":{"line":491,"column":51}},"line":485},"32":{"name":"(anonymous_32)","decl":{"start":{"line":485,"column":59},"end":{"line":485,"column":60}},"loc":{"start":{"line":485,"column":65},"end":{"line":485,"column":151}},"line":485}},"branchMap":{"0":{"loc":{"start":{"line":44,"column":4},"end":{"line":73,"column":5}},"type":"if","locations":[{"start":{"line":44,"column":4},"end":{"line":73,"column":5}},{"start":{"line":54,"column":9},"end":{"line":73,"column":5}}],"line":44},"1":{"loc":{"start":{"line":54,"column":9},"end":{"line":73,"column":5}},"type":"if","locations":[{"start":{"line":54,"column":9},"end":{"line":73,"column":5}},{"start":{"line":64,"column":9},"end":{"line":73,"column":5}}],"line":54},"2":{"loc":{"start":{"line":77,"column":4},"end":{"line":77,"column":29}},"type":"if","locations":[{"start":{"line":77,"column":4},"end":{"line":77,"column":29}},{"start":{},"end":{}}],"line":77},"3":{"loc":{"start":{"line":102,"column":12},"end":{"line":124,"column":13}},"type":"if","locations":[{"start":{"line":102,"column":12},"end":{"line":124,"column":13}},{"start":{"line":122,"column":17},"end":{"line":124,"column":13}}],"line":102},"4":{"loc":{"start":{"line":106,"column":16},"end":{"line":120,"column":17}},"type":"if","locations":[{"start":{"line":106,"column":16},"end":{"line":120,"column":17}},{"start":{"line":109,"column":21},"end":{"line":120,"column":17}}],"line":106},"5":{"loc":{"start":{"line":109,"column":21},"end":{"line":120,"column":17}},"type":"if","locations":[{"start":{"line":109,"column":21},"end":{"line":120,"column":17}},{"start":{"line":112,"column":21},"end":{"line":120,"column":17}}],"line":109},"6":{"loc":{"start":{"line":112,"column":21},"end":{"line":120,"column":17}},"type":"if","locations":[{"start":{"line":112,"column":21},"end":{"line":120,"column":17}},{"start":{"line":115,"column":21},"end":{"line":120,"column":17}}],"line":112},"7":{"loc":{"start":{"line":115,"column":21},"end":{"line":120,"column":17}},"type":"if","locations":[{"start":{"line":115,"column":21},"end":{"line":120,"column":17}},{"start":{"line":118,"column":21},"end":{"line":120,"column":17}}],"line":115},"8":{"loc":{"start":{"line":141,"column":12},"end":{"line":163,"column":13}},"type":"if","locations":[{"start":{"line":141,"column":12},"end":{"line":163,"column":13}},{"start":{"line":161,"column":17},"end":{"line":163,"column":13}}],"line":141},"9":{"loc":{"start":{"line":145,"column":16},"end":{"line":159,"column":17}},"type":"if","locations":[{"start":{"line":145,"column":16},"end":{"line":159,"column":17}},{"start":{"line":148,"column":21},"end":{"line":159,"column":17}}],"line":145},"10":{"loc":{"start":{"line":148,"column":21},"end":{"line":159,"column":17}},"type":"if","locations":[{"start":{"line":148,"column":21},"end":{"line":159,"column":17}},{"start":{"line":151,"column":21},"end":{"line":159,"column":17}}],"line":148},"11":{"loc":{"start":{"line":151,"column":21},"end":{"line":159,"column":17}},"type":"if","locations":[{"start":{"line":151,"column":21},"end":{"line":159,"column":17}},{"start":{"line":154,"column":21},"end":{"line":159,"column":17}}],"line":151},"12":{"loc":{"start":{"line":154,"column":21},"end":{"line":159,"column":17}},"type":"if","locations":[{"start":{"line":154,"column":21},"end":{"line":159,"column":17}},{"start":{"line":157,"column":21},"end":{"line":159,"column":17}}],"line":154},"13":{"loc":{"start":{"line":180,"column":12},"end":{"line":202,"column":13}},"type":"if","locations":[{"start":{"line":180,"column":12},"end":{"line":202,"column":13}},{"start":{"line":200,"column":17},"end":{"line":202,"column":13}}],"line":180},"14":{"loc":{"start":{"line":184,"column":16},"end":{"line":198,"column":17}},"type":"if","locations":[{"start":{"line":184,"column":16},"end":{"line":198,"column":17}},{"start":{"line":187,"column":21},"end":{"line":198,"column":17}}],"line":184},"15":{"loc":{"start":{"line":187,"column":21},"end":{"line":198,"column":17}},"type":"if","locations":[{"start":{"line":187,"column":21},"end":{"line":198,"column":17}},{"start":{"line":190,"column":21},"end":{"line":198,"column":17}}],"line":187},"16":{"loc":{"start":{"line":190,"column":21},"end":{"line":198,"column":17}},"type":"if","locations":[{"start":{"line":190,"column":21},"end":{"line":198,"column":17}},{"start":{"line":193,"column":21},"end":{"line":198,"column":17}}],"line":190},"17":{"loc":{"start":{"line":193,"column":21},"end":{"line":198,"column":17}},"type":"if","locations":[{"start":{"line":193,"column":21},"end":{"line":198,"column":17}},{"start":{"line":196,"column":21},"end":{"line":198,"column":17}}],"line":193},"18":{"loc":{"start":{"line":219,"column":12},"end":{"line":241,"column":13}},"type":"if","locations":[{"start":{"line":219,"column":12},"end":{"line":241,"column":13}},{"start":{"line":239,"column":17},"end":{"line":241,"column":13}}],"line":219},"19":{"loc":{"start":{"line":223,"column":16},"end":{"line":237,"column":17}},"type":"if","locations":[{"start":{"line":223,"column":16},"end":{"line":237,"column":17}},{"start":{"line":226,"column":21},"end":{"line":237,"column":17}}],"line":223},"20":{"loc":{"start":{"line":226,"column":21},"end":{"line":237,"column":17}},"type":"if","locations":[{"start":{"line":226,"column":21},"end":{"line":237,"column":17}},{"start":{"line":229,"column":21},"end":{"line":237,"column":17}}],"line":226},"21":{"loc":{"start":{"line":229,"column":21},"end":{"line":237,"column":17}},"type":"if","locations":[{"start":{"line":229,"column":21},"end":{"line":237,"column":17}},{"start":{"line":232,"column":21},"end":{"line":237,"column":17}}],"line":229},"22":{"loc":{"start":{"line":232,"column":21},"end":{"line":237,"column":17}},"type":"if","locations":[{"start":{"line":232,"column":21},"end":{"line":237,"column":17}},{"start":{"line":235,"column":21},"end":{"line":237,"column":17}}],"line":232},"23":{"loc":{"start":{"line":258,"column":12},"end":{"line":280,"column":13}},"type":"if","locations":[{"start":{"line":258,"column":12},"end":{"line":280,"column":13}},{"start":{"line":278,"column":17},"end":{"line":280,"column":13}}],"line":258},"24":{"loc":{"start":{"line":262,"column":16},"end":{"line":276,"column":17}},"type":"if","locations":[{"start":{"line":262,"column":16},"end":{"line":276,"column":17}},{"start":{"line":265,"column":21},"end":{"line":276,"column":17}}],"line":262},"25":{"loc":{"start":{"line":265,"column":21},"end":{"line":276,"column":17}},"type":"if","locations":[{"start":{"line":265,"column":21},"end":{"line":276,"column":17}},{"start":{"line":268,"column":21},"end":{"line":276,"column":17}}],"line":265},"26":{"loc":{"start":{"line":268,"column":21},"end":{"line":276,"column":17}},"type":"if","locations":[{"start":{"line":268,"column":21},"end":{"line":276,"column":17}},{"start":{"line":271,"column":21},"end":{"line":276,"column":17}}],"line":268},"27":{"loc":{"start":{"line":271,"column":21},"end":{"line":276,"column":17}},"type":"if","locations":[{"start":{"line":271,"column":21},"end":{"line":276,"column":17}},{"start":{"line":274,"column":21},"end":{"line":276,"column":17}}],"line":271},"28":{"loc":{"start":{"line":297,"column":12},"end":{"line":319,"column":13}},"type":"if","locations":[{"start":{"line":297,"column":12},"end":{"line":319,"column":13}},{"start":{"line":317,"column":17},"end":{"line":319,"column":13}}],"line":297},"29":{"loc":{"start":{"line":301,"column":16},"end":{"line":315,"column":17}},"type":"if","locations":[{"start":{"line":301,"column":16},"end":{"line":315,"column":17}},{"start":{"line":304,"column":21},"end":{"line":315,"column":17}}],"line":301},"30":{"loc":{"start":{"line":304,"column":21},"end":{"line":315,"column":17}},"type":"if","locations":[{"start":{"line":304,"column":21},"end":{"line":315,"column":17}},{"start":{"line":307,"column":21},"end":{"line":315,"column":17}}],"line":304},"31":{"loc":{"start":{"line":307,"column":21},"end":{"line":315,"column":17}},"type":"if","locations":[{"start":{"line":307,"column":21},"end":{"line":315,"column":17}},{"start":{"line":310,"column":21},"end":{"line":315,"column":17}}],"line":307},"32":{"loc":{"start":{"line":310,"column":21},"end":{"line":315,"column":17}},"type":"if","locations":[{"start":{"line":310,"column":21},"end":{"line":315,"column":17}},{"start":{"line":313,"column":21},"end":{"line":315,"column":17}}],"line":310},"33":{"loc":{"start":{"line":336,"column":12},"end":{"line":358,"column":13}},"type":"if","locations":[{"start":{"line":336,"column":12},"end":{"line":358,"column":13}},{"start":{"line":356,"column":17},"end":{"line":358,"column":13}}],"line":336},"34":{"loc":{"start":{"line":340,"column":16},"end":{"line":354,"column":17}},"type":"if","locations":[{"start":{"line":340,"column":16},"end":{"line":354,"column":17}},{"start":{"line":343,"column":21},"end":{"line":354,"column":17}}],"line":340},"35":{"loc":{"start":{"line":343,"column":21},"end":{"line":354,"column":17}},"type":"if","locations":[{"start":{"line":343,"column":21},"end":{"line":354,"column":17}},{"start":{"line":346,"column":21},"end":{"line":354,"column":17}}],"line":343},"36":{"loc":{"start":{"line":346,"column":21},"end":{"line":354,"column":17}},"type":"if","locations":[{"start":{"line":346,"column":21},"end":{"line":354,"column":17}},{"start":{"line":349,"column":21},"end":{"line":354,"column":17}}],"line":346},"37":{"loc":{"start":{"line":349,"column":21},"end":{"line":354,"column":17}},"type":"if","locations":[{"start":{"line":349,"column":21},"end":{"line":354,"column":17}},{"start":{"line":352,"column":21},"end":{"line":354,"column":17}}],"line":349},"38":{"loc":{"start":{"line":375,"column":12},"end":{"line":397,"column":13}},"type":"if","locations":[{"start":{"line":375,"column":12},"end":{"line":397,"column":13}},{"start":{"line":395,"column":17},"end":{"line":397,"column":13}}],"line":375},"39":{"loc":{"start":{"line":379,"column":16},"end":{"line":393,"column":17}},"type":"if","locations":[{"start":{"line":379,"column":16},"end":{"line":393,"column":17}},{"start":{"line":382,"column":21},"end":{"line":393,"column":17}}],"line":379},"40":{"loc":{"start":{"line":382,"column":21},"end":{"line":393,"column":17}},"type":"if","locations":[{"start":{"line":382,"column":21},"end":{"line":393,"column":17}},{"start":{"line":385,"column":21},"end":{"line":393,"column":17}}],"line":382},"41":{"loc":{"start":{"line":385,"column":21},"end":{"line":393,"column":17}},"type":"if","locations":[{"start":{"line":385,"column":21},"end":{"line":393,"column":17}},{"start":{"line":388,"column":21},"end":{"line":393,"column":17}}],"line":385},"42":{"loc":{"start":{"line":388,"column":21},"end":{"line":393,"column":17}},"type":"if","locations":[{"start":{"line":388,"column":21},"end":{"line":393,"column":17}},{"start":{"line":391,"column":21},"end":{"line":393,"column":17}}],"line":388},"43":{"loc":{"start":{"line":414,"column":12},"end":{"line":436,"column":13}},"type":"if","locations":[{"start":{"line":414,"column":12},"end":{"line":436,"column":13}},{"start":{"line":434,"column":17},"end":{"line":436,"column":13}}],"line":414},"44":{"loc":{"start":{"line":418,"column":16},"end":{"line":432,"column":17}},"type":"if","locations":[{"start":{"line":418,"column":16},"end":{"line":432,"column":17}},{"start":{"line":421,"column":21},"end":{"line":432,"column":17}}],"line":418},"45":{"loc":{"start":{"line":421,"column":21},"end":{"line":432,"column":17}},"type":"if","locations":[{"start":{"line":421,"column":21},"end":{"line":432,"column":17}},{"start":{"line":424,"column":21},"end":{"line":432,"column":17}}],"line":421},"46":{"loc":{"start":{"line":424,"column":21},"end":{"line":432,"column":17}},"type":"if","locations":[{"start":{"line":424,"column":21},"end":{"line":432,"column":17}},{"start":{"line":427,"column":21},"end":{"line":432,"column":17}}],"line":424},"47":{"loc":{"start":{"line":427,"column":21},"end":{"line":432,"column":17}},"type":"if","locations":[{"start":{"line":427,"column":21},"end":{"line":432,"column":17}},{"start":{"line":430,"column":21},"end":{"line":432,"column":17}}],"line":427}},"s":{"0":1,"1":1,"2":1,"3":1,"4":1,"5":0,"6":0,"7":0,"8":0,"9":0,"10":0,"11":3,"12":1,"13":2,"14":2,"15":2,"16":2,"17":8,"18":8,"19":2,"20":2,"21":0,"22":0,"23":0,"24":0,"25":0,"26":0,"27":0,"28":0,"29":0,"30":0,"31":0,"32":0,"33":0,"34":0,"35":0,"36":0,"37":0,"38":0,"39":0,"40":0,"41":0,"42":0,"43":0,"44":0,"45":0,"46":0,"47":0,"48":0,"49":0,"50":0,"51":0,"52":0,"53":0,"54":0,"55":0,"56":0,"57":0,"58":0,"59":0,"60":0,"61":0,"62":0,"63":0,"64":0,"65":0,"66":0,"67":0,"68":0,"69":0,"70":0,"71":0,"72":0,"73":0,"74":0,"75":0,"76":0,"77":0,"78":0,"79":0,"80":0,"81":0,"82":0,"83":0,"84":0,"85":0,"86":0,"87":0,"88":0,"89":0,"90":0,"91":0,"92":0,"93":0,"94":0,"95":0,"96":0,"97":0,"98":0,"99":0,"100":0,"101":0,"102":0,"103":0,"104":0,"105":0,"106":0,"107":0,"108":0,"109":0,"110":0,"111":0,"112":0,"113":0,"114":0,"115":0,"116":0,"117":0,"118":0,"119":0,"120":0,"121":0,"122":0,"123":0,"124":0,"125":0,"126":0,"127":0,"128":0,"129":0,"130":0,"131":0,"132":0,"133":0,"134":0,"135":0,"136":0,"137":0,"138":0,"139":0,"140":0,"141":0,"142":0,"143":0,"144":0,"145":0,"146":0,"147":0,"148":0,"149":0,"150":0,"151":0,"152":0,"153":0,"154":0,"155":0,"156":0,"157":0,"158":0,"159":0,"160":0,"161":0,"162":0,"163":0,"164":0,"165":0,"166":0,"167":0,"168":0,"169":0,"170":0,"171":0,"172":0,"173":0,"174":0,"175":0,"176":0,"177":0,"178":0,"179":0,"180":0,"181":0,"182":0,"183":0},"f":{"0":0,"1":0,"2":3,"3":0,"4":0,"5":0,"6":0,"7":0,"8":0,"9":0,"10":0,"11":0,"12":0,"13":0,"14":0,"15":0,"16":0,"17":0,"18":0,"19":0,"20":0,"21":0,"22":0,"23":0,"24":0,"25":0,"26":0,"27":0,"28":0,"29":0,"30":0,"31":0,"32":0},"b":{"0":[0,0],"1":[0,0],"2":[1,2],"3":[0,0],"4":[0,0],"5":[0,0],"6":[0,0],"7":[0,0],"8":[0,0],"9":[0,0],"10":[0,0],"11":[0,0],"12":[0,0],"13":[0,0],"14":[0,0],"15":[0,0],"16":[0,0],"17":[0,0],"18":[0,0],"19":[0,0],"20":[0,0],"21":[0,0],"22":[0,0],"23":[0,0],"24":[0,0],"25":[0,0],"26":[0,0],"27":[0,0],"28":[0,0],"29":[0,0],"30":[0,0],"31":[0,0],"32":[0,0],"33":[0,0],"34":[0,0],"35":[0,0],"36":[0,0],"37":[0,0],"38":[0,0],"39":[0,0],"40":[0,0],"41":[0,0],"42":[0,0],"43":[0,0],"44":[0,0],"45":[0,0],"46":[0,0],"47":[0,0]},"_coverageSchema":"1a1c01bbd47fc00a2c39e90264f33305004495a9","hash":"717592fedf46dad2b9637584e66acdce8c57f6d2"}
,"/Users/fannywolff/Desktop/MasterMind/components/style.tsx": {"path":"/Users/fannywolff/Desktop/MasterMind/components/style.tsx","statementMap":{"0":{"start":{"line":3,"column":13},"end":{"line":329,"column":2}}},"fnMap":{},"branchMap":{},"s":{"0":1},"f":{},"b":{},"_coverageSchema":"1a1c01bbd47fc00a2c39e90264f33305004495a9","hash":"2d7fac3ecd6729aa9dd3a3a4668ba721de3e741c"}
}
