TN:
SF:android-notch.tsx
FNF:0
FNH:0
LF:0
LH:0
BRDA:8,0,0,0
BRDA:8,0,1,1
BRF:2
BRH:1
end_of_record
TN:
SF:assets/character_dog.png
FNF:0
FNH:0
DA:1,1
LF:1
LH:1
BRF:0
BRH:0
end_of_record
TN:
SF:assets/character_elcho.png
FNF:0
FNH:0
DA:1,1
LF:1
LH:1
BRF:0
BRH:0
end_of_record
TN:
SF:assets/character_pengu.png
FNF:0
FNH:0
DA:1,1
LF:1
LH:1
BRF:0
BRH:0
end_of_record
TN:
SF:components/GameScreen.tsx
FN:12,useForceUpdate
FN:14,(anonymous_1)
FN:14,(anonymous_2)
FN:17,GameScreen
FN:77,changeColor
FN:83,changeStyle
FN:92,(anonymous_6)
FN:122,checkWin
FN:136,printElement
FN:140,(anonymous_9)
FN:147,printPinsElement
FN:158,printLine
FN:168,printPins
FN:177,printField
FN:182,(anonymous_14)
FN:187,(anonymous_15)
FN:190,(anonymous_16)
FN:198,chooseColors
FN:200,(anonymous_18)
FN:211,(anonymous_19)
FN:225,(anonymous_20)
FN:229,(anonymous_21)
FN:251,(anonymous_22)
FN:273,(anonymous_23)
FN:280,TextCharacter
FN:309,(anonymous_25)
FN:326,checkBlackPins
FN:339,checkGrayPins
FNF:28
FNH:2
FNDA:0,useForceUpdate
FNDA:0,(anonymous_1)
FNDA:0,(anonymous_2)
FNDA:0,GameScreen
FNDA:0,changeColor
FNDA:0,changeStyle
FNDA:0,(anonymous_6)
FNDA:0,checkWin
FNDA:0,printElement
FNDA:0,(anonymous_9)
FNDA:0,printPinsElement
FNDA:0,printLine
FNDA:0,printPins
FNDA:0,printField
FNDA:0,(anonymous_14)
FNDA:0,(anonymous_15)
FNDA:0,(anonymous_16)
FNDA:0,chooseColors
FNDA:0,(anonymous_18)
FNDA:0,(anonymous_19)
FNDA:0,(anonymous_20)
FNDA:0,(anonymous_21)
FNDA:0,(anonymous_22)
FNDA:0,(anonymous_23)
FNDA:0,TextCharacter
FNDA:0,(anonymous_25)
FNDA:4,checkBlackPins
FNDA:4,checkGrayPins
DA:13,0
DA:14,0
DA:19,0
DA:21,0
DA:25,0
DA:33,0
DA:34,0
DA:36,0
DA:37,0
DA:48,0
DA:61,0
DA:62,0
DA:64,0
DA:65,0
DA:67,0
DA:69,0
DA:70,0
DA:71,0
DA:78,0
DA:84,0
DA:86,0
DA:87,0
DA:89,0
DA:92,0
DA:93,0
DA:95,0
DA:96,0
DA:98,0
DA:100,0
DA:103,0
DA:104,0
DA:107,0
DA:108,0
DA:112,0
DA:114,0
DA:115,0
DA:117,0
DA:118,0
DA:124,0
DA:125,0
DA:126,0
DA:127,0
DA:129,0
DA:130,0
DA:131,0
DA:132,0
DA:137,0
DA:138,0
DA:140,0
DA:148,0
DA:149,0
DA:160,0
DA:161,0
DA:169,0
DA:170,0
DA:178,0
DA:180,0
DA:182,0
DA:187,0
DA:190,0
DA:199,0
DA:200,0
DA:207,0
DA:211,0
DA:225,0
DA:229,0
DA:236,0
DA:251,0
DA:258,0
DA:273,0
DA:281,0
DA:282,0
DA:288,0
DA:289,0
DA:295,0
DA:296,0
DA:305,0
DA:309,0
DA:327,4
DA:328,16
DA:329,7
DA:330,7
DA:331,4
DA:332,4
DA:336,4
DA:340,4
DA:341,4
DA:342,16
DA:343,64
DA:344,10
DA:345,10
DA:346,0
DA:347,0
DA:352,4
LF:94
LH:14
BRDA:103,0,0,0
BRDA:103,0,1,0
BRDA:107,1,0,0
BRDA:107,1,1,0
BRDA:124,2,0,0
BRDA:124,2,1,0
BRDA:129,3,0,0
BRDA:129,3,1,0
BRDA:178,4,0,0
BRDA:178,4,1,0
BRDA:281,5,0,0
BRDA:281,5,1,0
BRDA:288,6,0,0
BRDA:288,6,1,0
BRDA:295,7,0,0
BRDA:295,7,1,0
BRDA:315,8,0,0
BRDA:315,8,1,0
BRDA:316,9,0,0
BRDA:316,9,1,0
BRDA:317,10,0,0
BRDA:317,10,1,0
BRDA:328,11,0,7
BRDA:328,11,1,9
BRDA:330,12,0,4
BRDA:330,12,1,3
BRDA:343,13,0,10
BRDA:343,13,1,54
BRDA:345,14,0,0
BRDA:345,14,1,10
BRF:30
BRH:7
end_of_record
TN:
SF:components/Home.tsx
FN:36,setIndex
FN:43,choseCharacter
FN:76,shuffle
FN:88,Home
FN:97,touchchange
FN:101,changeStyle
FN:136,touchchange2
FN:140,changeStyle2
FN:175,touchchange3
FN:179,changeStyle
FN:214,touchchange4
FN:218,changeStyle
FN:253,touchchange5
FN:257,changeStyle
FN:292,touchchange6
FN:296,changeStyle
FN:331,touchchange7
FN:335,changeStyle
FN:370,touchchange8
FN:374,changeStyle
FN:409,touchchange9
FN:413,changeStyle
FN:464,(anonymous_22)
FN:465,(anonymous_23)
FN:466,(anonymous_24)
FN:469,(anonymous_25)
FN:470,(anonymous_26)
FN:471,(anonymous_27)
FN:474,(anonymous_28)
FN:475,(anonymous_29)
FN:476,(anonymous_30)
FN:484,(anonymous_31)
FN:485,(anonymous_32)
FNF:33
FNH:1
FNDA:0,setIndex
FNDA:0,choseCharacter
FNDA:3,shuffle
FNDA:0,Home
FNDA:0,touchchange
FNDA:0,changeStyle
FNDA:0,touchchange2
FNDA:0,changeStyle2
FNDA:0,touchchange3
FNDA:0,changeStyle
FNDA:0,touchchange4
FNDA:0,changeStyle
FNDA:0,touchchange5
FNDA:0,changeStyle
FNDA:0,touchchange6
FNDA:0,changeStyle
FNDA:0,touchchange7
FNDA:0,changeStyle
FNDA:0,touchchange8
FNDA:0,changeStyle
FNDA:0,touchchange9
FNDA:0,changeStyle
FNDA:0,(anonymous_22)
FNDA:0,(anonymous_23)
FNDA:0,(anonymous_24)
FNDA:0,(anonymous_25)
FNDA:0,(anonymous_26)
FNDA:0,(anonymous_27)
FNDA:0,(anonymous_28)
FNDA:0,(anonymous_29)
FNDA:0,(anonymous_30)
FNDA:0,(anonymous_31)
FNDA:0,(anonymous_32)
DA:20,1
DA:28,1
DA:29,1
DA:30,1
DA:31,1
DA:37,0
DA:44,0
DA:45,0
DA:54,0
DA:55,0
DA:65,0
DA:77,3
DA:78,2
DA:79,2
DA:80,2
DA:81,8
DA:82,8
DA:84,2
DA:85,2
DA:90,0
DA:91,0
DA:92,0
DA:94,0
DA:98,0
DA:99,0
DA:102,0
DA:103,0
DA:104,0
DA:106,0
DA:107,0
DA:109,0
DA:110,0
DA:112,0
DA:113,0
DA:115,0
DA:116,0
DA:119,0
DA:123,0
DA:127,0
DA:137,0
DA:138,0
DA:141,0
DA:142,0
DA:143,0
DA:145,0
DA:146,0
DA:148,0
DA:149,0
DA:151,0
DA:152,0
DA:154,0
DA:155,0
DA:158,0
DA:162,0
DA:166,0
DA:176,0
DA:177,0
DA:180,0
DA:181,0
DA:182,0
DA:184,0
DA:185,0
DA:187,0
DA:188,0
DA:190,0
DA:191,0
DA:193,0
DA:194,0
DA:197,0
DA:201,0
DA:205,0
DA:215,0
DA:216,0
DA:219,0
DA:220,0
DA:221,0
DA:223,0
DA:224,0
DA:226,0
DA:227,0
DA:229,0
DA:230,0
DA:232,0
DA:233,0
DA:236,0
DA:240,0
DA:244,0
DA:254,0
DA:255,0
DA:258,0
DA:259,0
DA:260,0
DA:262,0
DA:263,0
DA:265,0
DA:266,0
DA:268,0
DA:269,0
DA:271,0
DA:272,0
DA:275,0
DA:279,0
DA:283,0
DA:293,0
DA:294,0
DA:297,0
DA:298,0
DA:299,0
DA:301,0
DA:302,0
DA:304,0
DA:305,0
DA:307,0
DA:308,0
DA:310,0
DA:311,0
DA:314,0
DA:318,0
DA:322,0
DA:332,0
DA:333,0
DA:336,0
DA:337,0
DA:338,0
DA:340,0
DA:341,0
DA:343,0
DA:344,0
DA:346,0
DA:347,0
DA:349,0
DA:350,0
DA:353,0
DA:357,0
DA:361,0
DA:371,0
DA:372,0
DA:375,0
DA:376,0
DA:377,0
DA:379,0
DA:380,0
DA:382,0
DA:383,0
DA:385,0
DA:386,0
DA:388,0
DA:389,0
DA:392,0
DA:396,0
DA:400,0
DA:410,0
DA:411,0
DA:414,0
DA:415,0
DA:416,0
DA:418,0
DA:419,0
DA:421,0
DA:422,0
DA:424,0
DA:425,0
DA:427,0
DA:428,0
DA:431,0
DA:435,0
DA:439,0
DA:448,0
DA:450,0
DA:452,0
DA:464,0
DA:465,0
DA:466,0
DA:469,0
DA:470,0
DA:471,0
DA:474,0
DA:475,0
DA:476,0
DA:485,0
LF:180
LH:13
BRDA:44,0,0,0
BRDA:44,0,1,0
BRDA:54,1,0,0
BRDA:54,1,1,0
BRDA:77,2,0,1
BRDA:77,2,1,2
BRDA:102,3,0,0
BRDA:102,3,1,0
BRDA:106,4,0,0
BRDA:106,4,1,0
BRDA:109,5,0,0
BRDA:109,5,1,0
BRDA:112,6,0,0
BRDA:112,6,1,0
BRDA:115,7,0,0
BRDA:115,7,1,0
BRDA:141,8,0,0
BRDA:141,8,1,0
BRDA:145,9,0,0
BRDA:145,9,1,0
BRDA:148,10,0,0
BRDA:148,10,1,0
BRDA:151,11,0,0
BRDA:151,11,1,0
BRDA:154,12,0,0
BRDA:154,12,1,0
BRDA:180,13,0,0
BRDA:180,13,1,0
BRDA:184,14,0,0
BRDA:184,14,1,0
BRDA:187,15,0,0
BRDA:187,15,1,0
BRDA:190,16,0,0
BRDA:190,16,1,0
BRDA:193,17,0,0
BRDA:193,17,1,0
BRDA:219,18,0,0
BRDA:219,18,1,0
BRDA:223,19,0,0
BRDA:223,19,1,0
BRDA:226,20,0,0
BRDA:226,20,1,0
BRDA:229,21,0,0
BRDA:229,21,1,0
BRDA:232,22,0,0
BRDA:232,22,1,0
BRDA:258,23,0,0
BRDA:258,23,1,0
BRDA:262,24,0,0
BRDA:262,24,1,0
BRDA:265,25,0,0
BRDA:265,25,1,0
BRDA:268,26,0,0
BRDA:268,26,1,0
BRDA:271,27,0,0
BRDA:271,27,1,0
BRDA:297,28,0,0
BRDA:297,28,1,0
BRDA:301,29,0,0
BRDA:301,29,1,0
BRDA:304,30,0,0
BRDA:304,30,1,0
BRDA:307,31,0,0
BRDA:307,31,1,0
BRDA:310,32,0,0
BRDA:310,32,1,0
BRDA:336,33,0,0
BRDA:336,33,1,0
BRDA:340,34,0,0
BRDA:340,34,1,0
BRDA:343,35,0,0
BRDA:343,35,1,0
BRDA:346,36,0,0
BRDA:346,36,1,0
BRDA:349,37,0,0
BRDA:349,37,1,0
BRDA:375,38,0,0
BRDA:375,38,1,0
BRDA:379,39,0,0
BRDA:379,39,1,0
BRDA:382,40,0,0
BRDA:382,40,1,0
BRDA:385,41,0,0
BRDA:385,41,1,0
BRDA:388,42,0,0
BRDA:388,42,1,0
BRDA:414,43,0,0
BRDA:414,43,1,0
BRDA:418,44,0,0
BRDA:418,44,1,0
BRDA:421,45,0,0
BRDA:421,45,1,0
BRDA:424,46,0,0
BRDA:424,46,1,0
BRDA:427,47,0,0
BRDA:427,47,1,0
BRF:96
BRH:2
end_of_record
TN:
SF:components/style.tsx
FNF:0
FNH:0
DA:3,1
LF:1
LH:1
BRF:0
BRH:0
end_of_record
